2001.05.31 18:17 B c:\data\web\production\vote\admin\electresults\candpartylistparserbreakdown.php --> vote.ph /home/vote/www/vote/admin/electresults candpartylistparserbreakdown.php
2001.05.31 18:18 B c:\data\web\production\vote\admin\electresults\candpartylistinput.php --> vote.ph /home/vote/www/vote/admin/electresults candpartylistinput.php
2001.05.31 18:18 B c:\data\web\production\vote\admin\electresults\candpartylistparser.php --> vote.ph /home/vote/www/vote/admin/electresults candpartylistparser.php
2001.05.31 18:18 B c:\data\web\production\vote\admin\electresults\candpartylistparserbreakdown.php --> vote.ph /home/vote/www/vote/admin/electresults candpartylistparserbreakdown.php
2001.05.31 18:18 B c:\data\web\production\vote\admin\electresults\candsenatorinput.php --> vote.ph /home/vote/www/vote/admin/electresults candsenatorinput.php
2001.05.31 18:18 B c:\data\web\production\vote\admin\electresults\candsenatorparser.php --> vote.ph /home/vote/www/vote/admin/electresults candsenatorparser.php
2001.05.31 18:18 B c:\data\web\production\vote\admin\electresults\candsenatorparserbreakdown.php --> vote.ph /home/vote/www/vote/admin/electresults candsenatorparserbreakdown.php
2001.05.31 18:20 B c:\data\web\production\vote\admin\electresults\candpartylistinput.php --> vote.ph /home/vote/www/vote/admin/electresults candpartylistinput.php
2001.05.31 18:20 B c:\data\web\production\vote\admin\electresults\candpartylistparser.php --> vote.ph /home/vote/www/vote/admin/electresults candpartylistparser.php
2001.05.31 18:20 B c:\data\web\production\vote\admin\electresults\candpartylistparserbreakdown.php --> vote.ph /home/vote/www/vote/admin/electresults candpartylistparserbreakdown.php
2001.05.31 18:21 B c:\data\web\production\vote\admin\electresults\candsenatorinput.php --> vote.ph /home/vote/www/vote/admin/electresults candsenatorinput.php
2001.05.31 18:21 B c:\data\web\production\vote\admin\electresults\candsenatorparser.php --> vote.ph /home/vote/www/vote/admin/electresults candsenatorparser.php
2001.05.31 18:21 B c:\data\web\production\vote\admin\electresults\candsenatorparserbreakdown.php --> vote.ph /home/vote/www/vote/admin/electresults candsenatorparserbreakdown.php
2001.05.31 18:21 A c:\data\web\production\vote\admin\electresults\candpartylistinput.php --> vote.ph /home/vote/www/vote/admin/electresults candpartylistinput.php
2001.05.31 18:21 A c:\data\web\production\vote\admin\electresults\candpartylistparser.php --> vote.ph /home/vote/www/vote/admin/electresults candpartylistparser.php
2001.05.31 18:21 A c:\data\web\production\vote\admin\electresults\candpartylistparserbreakdown.php --> vote.ph /home/vote/www/vote/admin/electresults candpartylistparserbreakdown.php
2001.05.31 18:21 A c:\data\web\production\vote\admin\electresults\candsenatorinput.php --> vote.ph /home/vote/www/vote/admin/electresults candsenatorinput.php
2001.05.31 18:21 A c:\data\web\production\vote\admin\electresults\candsenatorparser.php --> vote.ph /home/vote/www/vote/admin/electresults candsenatorparser.php
2001.05.31 18:21 A c:\data\web\production\vote\admin\electresults\candsenatorparserbreakdown.php --> vote.ph /home/vote/www/vote/admin/electresults candsenatorparserbreakdown.php
2001.05.31 18:22 A c:\data\web\production\vote\admin\electresults\candpartylistinput.php --> vote.ph /home/vote/www/vote/admin/electresults candpartylistinput.php
2001.05.31 18:22 A c:\data\web\production\vote\admin\electresults\candpartylistparser.php --> vote.ph /home/vote/www/vote/admin/electresults candpartylistparser.php
2001.05.31 18:22 A c:\data\web\production\vote\admin\electresults\candpartylistparserbreakdown.php --> vote.ph /home/vote/www/vote/admin/electresults candpartylistparserbreakdown.php
2001.05.31 18:22 A c:\data\web\production\vote\admin\electresults\candsenatorinput.php --> vote.ph /home/vote/www/vote/admin/electresults candsenatorinput.php
2001.05.31 18:22 A c:\data\web\production\vote\admin\electresults\candsenatorparser.php --> vote.ph /home/vote/www/vote/admin/electresults candsenatorparser.php
2001.05.31 18:22 A c:\data\web\production\vote\admin\electresults\candsenatorparserbreakdown.php --> vote.ph /home/vote/www/vote/admin/electresults candsenatorparserbreakdown.php
2001.05.31 18:22 A c:\data\web\production\vote\admin\electresults\index.php --> vote.ph /home/vote/www/vote/admin/electresults index.php
2001.06.13 18:15 A c:\data\web\production\vote\admin\electresults\electresultspartylistbreakdown.txt <-- Vote.ph at Hostway.com /home/vote/www/vote/admin/electresults electresultspartylistbreakdown.txt
2001.06.13 18:15 A c:\data\web\production\vote\admin\electresults\electresultspartylistoff.txt <-- Vote.ph at Hostway.com /home/vote/www/vote/admin/electresults electresultspartylistoff.txt
2001.06.13 18:15 A c:\data\web\production\vote\admin\electresults\electresultspartylistunoff.txt <-- Vote.ph at Hostway.com /home/vote/www/vote/admin/electresults electresultspartylistunoff.txt
2001.06.13 18:15 A c:\data\web\production\vote\admin\electresults\electresultssenatorbreakdown.txt <-- Vote.ph at Hostway.com /home/vote/www/vote/admin/electresults electresultssenatorbreakdown.txt
2001.06.13 18:15 A c:\data\web\production\vote\admin\electresults\electresultssenatoroff.txt <-- Vote.ph at Hostway.com /home/vote/www/vote/admin/electresults electresultssenatoroff.txt
2001.06.13 18:15 A c:\data\web\production\vote\admin\electresults\electresultssenatorunoff.txt <-- Vote.ph at Hostway.com /home/vote/www/vote/admin/electresults electresultssenatorunoff.txt
2001.06.14 08:15 A c:\data\web\production\vote\admin\electresults\partylistcomments.txt <-- Vote.ph at Hostway.com /home/vote/www/vote/admin/electresults partylistcomments.txt
2001.06.14 08:15 A c:\data\web\production\vote\admin\electresults\senatorcomments.txt <-- Vote.ph at Hostway.com /home/vote/www/vote/admin/electresults senatorcomments.txt
2001.06.15 13:34 A c:\data\web\production\vote\admin\electresults\candprovcouncilorparser.php --> vote.ph /home/vote/www/vote/admin/electresults candprovcouncilorparser.php
2001.06.15 13:34 A c:\data\web\production\vote\admin\electresults\candprovmayorparser.php --> vote.ph /home/vote/www/vote/admin/electresults candprovmayorparser.php
2001.06.15 13:34 A c:\data\web\production\vote\admin\electresults\candprovvicemayorparser.php --> vote.ph /home/vote/www/vote/admin/electresults candprovvicemayorparser.php
2001.06.15 13:34 A c:\data\web\production\vote\admin\electresults\electresultspartylistbreakdown.txt --> vote.ph /home/vote/www/vote/admin/electresults electresultspartylistbreakdown.txt
2001.06.15 13:34 A c:\data\web\production\vote\admin\electresults\electresultspartylistoff.txt --> vote.ph /home/vote/www/vote/admin/electresults electresultspartylistoff.txt
2001.06.15 13:34 A c:\data\web\production\vote\admin\electresults\electresultspartylistunoff.txt --> vote.ph /home/vote/www/vote/admin/electresults electresultspartylistunoff.txt
2001.06.15 13:34 A c:\data\web\production\vote\admin\electresults\partylistcomments.txt --> vote.ph /home/vote/www/vote/admin/electresults partylistcomments.txt
